. use trip_population, clear

. run dpston1.do

. total num_pass , over(dpston1)

Total estimation                  Number of obs   =        719

      1000001: dpston1 = 1000001
      1000002: dpston1 = 1000002
      1000008: dpston1 = 1000008
      1000011: dpston1 = 1000011
      1000018: dpston1 = 1000018
      1000024: dpston1 = 1000024
      1000026: dpston1 = 1000026
      1000030: dpston1 = 1000030
      1000036: dpston1 = 1000036
      1000044: dpston1 = 1000044
      1000047: dpston1 = 1000047
      1000049: dpston1 = 1000049
      1000062: dpston1 = 1000062
      1000068: dpston1 = 1000068
      1023940: dpston1 = 1023940
      1025053: dpston1 = 1025053
      1025560: dpston1 = 1025560
      2000011: dpston1 = 2000011
      2065068: dpston1 = 2065068
      2070126: dpston1 = 2070126
      2110847: dpston1 = 2110847
      2123062: dpston1 = 2123062
      3000008: dpston1 = 3000008
      3000011: dpston1 = 3000011
      3000018: dpston1 = 3000018
      3000024: dpston1 = 3000024
      3000030: dpston1 = 3000030
      3000036: dpston1 = 3000036
      3000047: dpston1 = 3000047
      3000068: dpston1 = 3000068
      3020102: dpston1 = 3020102
      3025355: dpston1 = 3025355
      3062644: dpston1 = 3062644
      3064962: dpston1 = 3064962
      4030108: dpston1 = 4030108
      4041830: dpston1 = 4041830
      4084768: dpston1 = 4084768
      4131153: dpston1 = 4131153
      5030108: dpston1 = 5030108
      5041830: dpston1 = 5041830
      5053647: dpston1 = 5053647
      5104068: dpston1 = 5104068
      5161162: dpston1 = 5161162

--------------------------------------------------------------
        Over |      Total   Std. Err.     [95% Conf. Interval]
-------------+------------------------------------------------
num_pass     |
     1000001 |       1423   967.7508     -476.9595    3322.959
     1000002 |       7198    4895.91     -2414.011    16810.01
     1000008 |      19254   13675.81     -7595.347    46103.35
     1000011 |      12626   9682.022     -6382.456    31634.46
     1000018 |       2470   1943.224     -1345.081    6285.081
     1000024 |        634   509.3549     -366.0031    1634.003
     1000026 |       2208   1774.996     -1276.802    5692.802
     1000030 |       4319   3665.427     -2877.235    11515.24
     1000036 |       1221   1046.817     -834.1873    3276.187
     1000044 |       1021    881.426     -709.4802     2751.48
     1000047 |       3300   2970.321     -2531.552    9131.552
     1000049 |         38         35     -30.71457    106.7146
     1000062 |       3402       3176     -2833.357    9637.357
     1000068 |       5085          .             .           .
     1023940 |        491    348.709     -193.6112    1175.611
     1025053 |       1248   765.1955     -254.2881    2750.288
     1025560 |        601     350.65     -87.42178    1289.422
     2000011 |        872    675.393     -453.9812    2197.981
     2065068 |        177   69.36426        40.819     313.181
     2070126 |        708    299.066      120.8517    1295.148
     2110847 |       1110   711.7168     -287.2948    2507.295
     2123062 |        690   412.3311     -119.5187    1499.519
     3000008 |       3739   2665.175     -1493.467    8971.467
     3000011 |       3476   2669.777     -1765.503    8717.503
     3000018 |       1263    997.019     -694.4209    3220.421
     3000024 |       1296   1032.175     -730.4418    3322.442
     3000030 |       3740   3175.677     -2494.723    9974.723
     3000036 |        444   382.5382     -307.0272    1195.027
     3000047 |        984   888.5095     -760.3871    2728.387
     3000068 |        744          .             .           .
     3020102 |        992   553.0017     -93.69354    2077.694
     3025355 |        796   573.1597     -329.2692    1921.269
     3062644 |        708   375.9286      -30.0507    1446.051
     3064962 |       1284    911.761     -506.0362    3074.036
     4030108 |       1154   529.0201      115.3888    2192.611
     4041830 |        715   393.6075     -57.75914    1487.759
     4084768 |        651   318.6053      25.49059    1276.509
     4131153 |       1169   534.4403      119.7475    2218.253
     5030108 |        610   263.2061      93.25444    1126.746
     5041830 |        455   172.8013      115.7439    794.2561
     5053647 |        474   283.9144     -83.40157    1031.402
     5104068 |        270   116.7702      40.74822    499.2518
     5161162 |       1723   909.6551     -62.90172    3508.902
--------------------------------------------------------------

. matrix dpston1 = e(b)

. matrix coleq dpston1 = _one

. matrix rownames dpston1 = dpston1

. run dpstoff1.do

. total num_pass , over(dpstoff1)

Total estimation                  Number of obs   =        719

      1000011: dpstoff1 = 1000011
      1000018: dpstoff1 = 1000018
      1000030: dpstoff1 = 1000030
      1000047: dpstoff1 = 1000047
      1000068: dpstoff1 = 1000068
      1000069: dpstoff1 = 1000069
      1025355: dpstoff1 = 1025355
      1043644: dpstoff1 = 1043644
      1060226: dpstoff1 = 1060226
      1064962: dpstoff1 = 1064962
      2044753: dpstoff1 = 2044753
      2190869: dpstoff1 = 2190869
      3000002: dpstoff1 = 3000002
      3000047: dpstoff1 = 3000047
      3000068: dpstoff1 = 3000068
      3000069: dpstoff1 = 3000069
      3050826: dpstoff1 = 3050826
      3053044: dpstoff1 = 3053044
      3064962: dpstoff1 = 3064962
      4000002: dpstoff1 = 4000002
      4000008: dpstoff1 = 4000008
      4000049: dpstoff1 = 4000049
      4055368: dpstoff1 = 4055368
      4075069: dpstoff1 = 4075069
      4101147: dpstoff1 = 4101147
      5000055: dpstoff1 = 5000055
      5000060: dpstoff1 = 5000060
      5036269: dpstoff1 = 5036269
      5140853: dpstoff1 = 5140853

--------------------------------------------------------------
        Over |      Total   Std. Err.     [95% Conf. Interval]
-------------+------------------------------------------------
num_pass     |
     1000011 |       2475   1468.807     -408.6691    5358.669
     1000018 |        929   360.7303      220.7878    1637.212
     1000030 |       2189   868.0319      484.8161    3893.184
     1000047 |       1746   630.7528      507.6598     2984.34
     1000068 |       1372   426.3969      534.8662    2209.134
     1000069 |      53193   15995.88      21788.72    84597.28
     1025355 |        863   233.1424      405.2777    1320.722
     1043644 |        737   159.5597      423.7407    1050.259
     1060226 |       1491   432.5204      641.8441    2340.156
     1064962 |       1544   426.4228      706.8155    2381.185
     2044753 |        124   33.15528      58.90711    189.0929
     2190869 |       3433   1082.925      1306.921    5559.079
     3000002 |          3          .             .           .
     3000047 |        556   187.4945      187.8971    924.1029
     3000068 |        444   126.0503      196.5289    691.4711
     3000069 |      16007   4295.998      7572.781    24441.22
     3050826 |        910   333.6639      254.9266    1565.073
     3053044 |        787    249.935      296.3092    1277.691
     3064962 |        759   141.1029      481.9765    1036.023
     4000002 |          2          .             .           .
     4000008 |         23          5      13.18363    32.81637
     4000049 |          3          0             .           .
     4055368 |        172   35.93822      101.4434    242.5566
     4075069 |       2841   833.6481      1204.321    4477.679
     4101147 |        648    147.123      359.1573    936.8427
     5000055 |         14   6.595453      1.051322    26.94868
     5000060 |          4          2      .0734531    7.926547
     5036269 |       2880   980.8909      954.2428    4805.757
     5140853 |        634   139.2172      360.6787    907.3213
--------------------------------------------------------------

. matrix dpstoff1 = e(b)

. matrix coleq dpstoff1 = _one

. matrix rownames dpstoff1 = dpstoff1

