. use trip_sample, clear

. table board_id daypart , c(freq) cellwidth(10) mi

---------------------------------------------------------------------------------
                     |                          daypart                          
            board_id |    AM Peak      Midday  PM Reverse       Night     Weekend
---------------------+-----------------------------------------------------------
          1. Alewife |         46           4          11           7           3
        2. Brookline |        236           4          35           6           7
        8. Carmenton |        653           4         184          47          24
        11. Dogville |        410          41         166          35          56
        18. East End |         85           5          64           4           4
      24. Framington |         30           3          74           3           1
  26. Grand Junction |         72          13          23           5           6
      30. High Point |        158          20         187          25          12
      36. Irvingtown |         34           2          25           1          15
      39. Johnsville |          5           1           1           .           .
     40. King Street |         17           1           2           .           1
        44. Limerick |         28           .           9           1           3
     47. Moscow City |         94          31          49           7          13
    49. Ninth Street |          .           .           9           .           .
    50. Ontario Lake |         13           1           4           1           1
53. Picadilly Square |         23           4          35           7           5
      55. Queens Zoo |         10           1          14           .           2
  60. Redline Circle |         13           .           5           .           .
   62. Silver Spring |        106          18          38          12          17
     68. Toledo Town |        149           6          33          11           3
---------------------------------------------------------------------------------

. table alight_id daypart , c(freq) cellwidth(10) mi

---------------------------------------------------------------------------------
                     |                          daypart                          
           alight_id |    AM Peak      Midday  PM Reverse       Night     Weekend
---------------------+-----------------------------------------------------------
        2. Brookline |          1           .           .           .           .
        8. Carmenton |         11           1           1           .           1
        11. Dogville |         85           1          14           6           5
        18. East End |         36           1          18           1           4
      24. Framington |         15           1           2           2           2
  26. Grand Junction |         15           2           8           1           1
      30. High Point |         73           4          22          11           8
      36. Irvingtown |          9           .           4           2           2
      39. Johnsville |          3           .           1           .           .
     40. King Street |          .           .           3           .           .
        44. Limerick |         13           .           2           .           2
     47. Moscow City |         81           6          22           6           6
    49. Ninth Street |          3           1           1           .           .
    50. Ontario Lake |          2           .           1           2           1
53. Picadilly Square |         23           1           8           3           2
      55. Queens Zoo |          6           .           5           1           .
  60. Redline Circle |          5           .           .           .           .
   62. Silver Spring |         49           .          19           3           9
     68. Toledo Town |         43           3          24           6           7
   69. Union Station |      1,709         138         813         128         123
---------------------------------------------------------------------------------
