. clear

. set obs 4
number of observations (_N) was 0, now 4

. gen byte x = _n

. label define x_lbl 1 "One" 2 "Two" 3 "Three" 4 "Four"

. label values x x_lbl

. wgtcellcollapse sequence, var(x) from(1 2 3 4) depth(3)

. wgtcellcollapse report, var(x)

Rule (1): collapse together
  x == 1 (One)
  x == 2 (Two)
  into x == 212 (One to Two)

Rule (2): collapse together
  x == 2 (Two)
  x == 3 (Three)
  into x == 223 (Two to Three)

Rule (3): collapse together
  x == 3 (Three)
  x == 4 (Four)
  into x == 234 (Three to Four)

Rule (4): collapse together
  x == 1 (One)
  x == 2 (Two)
  x == 3 (Three)
  into x == 313 (One to Three)

Rule (5): collapse together
  x == 1 (One)
  x == 223 (Two to Three)
  into x == 313 (One to Three)

Rule (6): collapse together
  x == 3 (Three)
  x == 212 (One to Two)
  into x == 313 (One to Three)

Rule (7): collapse together
  x == 2 (Two)
  x == 3 (Three)
  x == 4 (Four)
  into x == 324 (Two to Four)

Rule (8): collapse together
  x == 2 (Two)
  x == 234 (Three to Four)
  into x == 324 (Two to Four)

Rule (9): collapse together
  x == 4 (Four)
  x == 223 (Two to Three)
  into x == 324 (Two to Four)

