. webuse nhanes2, clear

. whatsdeff finalwgt

    Group     |   Min     |   Mean    |   Max     |    CV   |   DEFF  |   N   |  N eff
--------------+-----------+-----------+-----------+---------+---------+-------+--------
      Overall |   2000.00 |  11318.47 |  79634.00 |  0.6453 |  1.4164 | 10351 | 7307.97

. return list

scalars:
                  r(N) =  10351
              r(MOE10) =  .0068792766212984
              r(MOE50) =  .0114654610354974
       r(Neff_Overall) =  7307.97435325364
       r(DEFF_Overall) =  1.416397964696134

. whatsdeff finalwgt, by(sex)

    Group     |   Min     |   Mean    |   Max     |    CV   |   DEFF  |   N   |  N eff
--------------+-----------+-----------+-----------+---------+---------+-------+--------
sex           |           |           |           |         |         |       |
         Male |   2000.00 |  11426.14 |  79634.00 |  0.6578 |  1.4326 |  4915 | 3430.94
       Female |   2130.00 |  11221.12 |  61534.00 |  0.6333 |  1.4010 |  5436 | 3880.01
--------------+-----------+-----------+-----------+---------+---------+-------+--------
      Overall |   2000.00 |  11318.47 |  79634.00 |  0.6453 |  1.4164 | 10351 | 7307.97

. return list

scalars:
                  r(N) =  10351
              r(MOE10) =  .0068792766212984
              r(MOE50) =  .0114654610354974
       r(Neff_Overall) =  7307.97435325364
       r(DEFF_Overall) =  1.416397964696134
        r(Neff_Female) =  3880.00710397866
        r(DEFF_Female) =  1.40102836266093
          r(Neff_Male) =  3430.938195872213
          r(DEFF_Male) =  1.432552765279559

