. tab alight_id dpstoff4 if daypart == 5 & mod(dpstoff4,100*100)>100

                      |    Long ID of the
                      |      interaction
            alight_id |   5084969    5150150 |     Total
----------------------+----------------------+----------
         8. Carmenton |         0          1 |         1 
         11. Dogville |         0          5 |         5 
         18. East End |         0          4 |         4 
       24. Framington |         0          2 |         2 
   26. Grand Junction |         0          1 |         1 
       30. High Point |         0          8 |         8 
       36. Irvingtown |         0          2 |         2 
         44. Limerick |         0          2 |         2 
      47. Moscow City |         0          6 |         6 
     50. Ontario Lake |         0          1 |         1 
 53. Picadilly Square |         2          0 |         2 
    62. Silver Spring |         9          0 |         9 
      68. Toledo Town |         7          0 |         7 
    69. Union Station |       123          0 |       123 
----------------------+----------------------+----------
                Total |       141         32 |       173 


