. cap drop raked_weight5*

. set rmsg on
r; t=0.00 12:12:08

. ipfraking [pw=_one], ctotal(dpston5 dpstoff5) nograph gen(raked_weight5)

 Iteration 1, max rel difference of raked weights = 37.856256
 Iteration 2, max rel difference of raked weights = .0250943
 Iteration 3, max rel difference of raked weights = .00252004
 Iteration 4, max rel difference of raked weights = .00030004
 Iteration 5, max rel difference of raked weights = .00003571
 Iteration 6, max rel difference of raked weights = 4.250e-06
 Iteration 7, max rel difference of raked weights = 5.058e-07
The worst relative discrepancy of  5.6e-08 is observed for dpstoff5 == 5150150     
Target value =        587; achieved value =        587

   Summary of the weight changes

              |    Mean    Std. dev.    Min        Max       CV
--------------+-------------------------------------------------- 
Orig weights  |        1          0         1           1       0
Raked weights |   26.487       5.74    14.593      38.634   .2167
Adjust factor |  26.4869              14.5933     38.6339
r; t=1.100 12:12:10

. ipfraking [pw=_one], ctotal(dpston5 dpstoff5) nograph gen(raked_weight5l) linear

Linear calibration
The worst relative discrepancy of  2.0e-14 is observed for dpstoff5 == 5150150     
Target value =        587; achieved value =        587

   Summary of the weight changes

              |    Mean    Std. dev.    Min        Max       CV
--------------+-------------------------------------------------- 
Orig weights  |        1          0         1           1       0
Raked weights |   26.487     5.7387    12.875      38.204   .2167
Adjust factor |  26.4869              12.8752     38.2040
r; t=0.78 12:12:11

. set rmsg off

. label variable raked_weight5l "Linear calibrated weights"

. compare raked_weight5 raked_weight5l

                                        ---------- difference ----------
                            count       minimum      average     maximum
------------------------------------------------------------------------
raked_w~5<raked_~5l          1871     -1.813144    -.0408154   -5.84e-10
raked_w~5>raked_~5l          1783      2.75e-08     .0428298    2.405758
                       ----------
jointly defined              3654     -1.813144     1.20e-10    2.405758
                       ----------
total                        3654

